{"/Users/manisha-j/personal-pro/senior-set/tsc-express-crud-mongo/src/index.ts": {"path":"/Users/manisha-j/personal-pro/senior-set/tsc-express-crud-mongo/src/index.ts","statementMap":{"0":{"start":{"line":1,"column":0},"end":{"line":1,"column":30}},"1":{"start":{"line":2,"column":0},"end":{"line":2,"column":28}},"2":{"start":{"line":3,"column":0},"end":{"line":3,"column":41}},"3":{"start":{"line":4,"column":0},"end":{"line":4,"column":43}},"4":{"start":{"line":5,"column":0},"end":{"line":5,"column":37}},"5":{"start":{"line":6,"column":0},"end":{"line":6,"column":75}},"6":{"start":{"line":7,"column":0},"end":{"line":7,"column":62}},"7":{"start":{"line":8,"column":0},"end":{"line":8,"column":65}},"8":{"start":{"line":10,"column":0},"end":{"line":10,"column":16}},"9":{"start":{"line":12,"column":31},"end":{"line":27,"column":1}},"10":{"start":{"line":13,"column":14},"end":{"line":13,"column":23}},"11":{"start":{"line":14,"column":2},"end":{"line":14,"column":29}},"12":{"start":{"line":16,"column":2},"end":{"line":16,"column":27}},"13":{"start":{"line":17,"column":2},"end":{"line":21,"column":4}},"14":{"start":{"line":23,"column":2},"end":{"line":26,"column":5}},"15":{"start":{"line":23,"column":42},"end":{"line":26,"column":4}},"16":{"start":{"line":24,"column":4},"end":{"line":24,"column":73}},"17":{"start":{"line":25,"column":4},"end":{"line":25,"column":27}},"18":{"start":{"line":12,"column":13},"end":{"line":12,"column":31}},"19":{"start":{"line":29,"column":0},"end":{"line":29,"column":18}}},"fnMap":{"0":{"name":"(anonymous_8)","decl":{"start":{"line":12,"column":31},"end":{"line":12,"column":34}},"loc":{"start":{"line":12,"column":36},"end":{"line":27,"column":1}}},"1":{"name":"(anonymous_9)","decl":{"start":{"line":23,"column":31},"end":{"line":23,"column":40}},"loc":{"start":{"line":23,"column":42},"end":{"line":26,"column":4}}},"2":{"name":"(anonymous_10)","decl":{"start":{"line":23,"column":42},"end":{"line":23,"column":null}},"loc":{"start":{"line":23,"column":42},"end":{"line":26,"column":3}}}},"branchMap":{},"s":{"0":1,"1":1,"2":1,"3":1,"4":1,"5":1,"6":1,"7":1,"8":1,"9":1,"10":2,"11":2,"12":2,"13":2,"14":2,"15":0,"16":0,"17":0,"18":1,"19":1},"f":{"0":2,"1":0,"2":0},"b":{}}
,"/Users/manisha-j/personal-pro/senior-set/tsc-express-crud-mongo/src/common/config/constants.ts": {"path":"/Users/manisha-j/personal-pro/senior-set/tsc-express-crud-mongo/src/common/config/constants.ts","statementMap":{"0":{"start":{"line":1,"column":13},"end":{"line":4,"column":null}},"1":{"start":{"line":6,"column":13},"end":{"line":26,"column":null}}},"fnMap":{},"branchMap":{},"s":{"0":3,"1":3},"f":{},"b":{}}
,"/Users/manisha-j/personal-pro/senior-set/tsc-express-crud-mongo/src/common/config/messages.ts": {"path":"/Users/manisha-j/personal-pro/senior-set/tsc-express-crud-mongo/src/common/config/messages.ts","statementMap":{"0":{"start":{"line":1,"column":13},"end":{"line":25,"column":2}}},"fnMap":{},"branchMap":{},"s":{"0":4},"f":{},"b":{}}
,"/Users/manisha-j/personal-pro/senior-set/tsc-express-crud-mongo/src/common/config/status-codes.ts": {"path":"/Users/manisha-j/personal-pro/senior-set/tsc-express-crud-mongo/src/common/config/status-codes.ts","statementMap":{"0":{"start":{"line":1,"column":13},"end":{"line":7,"column":null}}},"fnMap":{},"branchMap":{},"s":{"0":3},"f":{},"b":{}}
,"/Users/manisha-j/personal-pro/senior-set/tsc-express-crud-mongo/src/common/utils/logger.ts": {"path":"/Users/manisha-j/personal-pro/senior-set/tsc-express-crud-mongo/src/common/utils/logger.ts","statementMap":{"0":{"start":{"line":1,"column":0},"end":{"line":1,"column":42}},"1":{"start":{"line":3,"column":21},"end":{"line":18,"column":2}},"2":{"start":{"line":20,"column":15},"end":{"line":39,"column":2}},"3":{"start":{"line":27,"column":6},"end":{"line":27,"column":18}},"4":{"start":{"line":29,"column":2},"end":{"line":29,"column":30}},"5":{"start":{"line":30,"column":2},"end":{"line":30,"column":30}},"6":{"start":{"line":31,"column":2},"end":{"line":31,"column":23}},"7":{"start":{"line":32,"column":2},"end":{"line":37,"column":3}},"8":{"start":{"line":33,"column":4},"end":{"line":33,"column":72}},"9":{"start":{"line":34,"column":4},"end":{"line":34,"column":38}},"10":{"start":{"line":36,"column":4},"end":{"line":36,"column":38}},"11":{"start":{"line":38,"column":2},"end":{"line":38,"column":14}},"12":{"start":{"line":42,"column":15},"end":{"line":50,"column":2}},"13":{"start":{"line":52,"column":0},"end":{"line":52,"column":22}}},"fnMap":{"0":{"name":"(anonymous_6)","decl":{"start":{"line":20,"column":22},"end":{"line":20,"column":23}},"loc":{"start":{"line":20,"column":37},"end":{"line":39,"column":1}}}},"branchMap":{"0":{"loc":{"start":{"line":22,"column":4},"end":{"line":22,"column":18}},"type":"default-arg","locations":[{"start":{"line":22,"column":16},"end":{"line":22,"column":18}}]},"1":{"loc":{"start":{"line":23,"column":4},"end":{"line":23,"column":22}},"type":"default-arg","locations":[{"start":{"line":23,"column":20},"end":{"line":23,"column":22}}]},"2":{"loc":{"start":{"line":24,"column":4},"end":{"line":24,"column":15}},"type":"default-arg","locations":[{"start":{"line":24,"column":13},"end":{"line":24,"column":15}}]},"3":{"loc":{"start":{"line":25,"column":4},"end":{"line":25,"column":14}},"type":"default-arg","locations":[{"start":{"line":25,"column":12},"end":{"line":25,"column":14}}]},"4":{"loc":{"start":{"line":26,"column":4},"end":{"line":26,"column":20}},"type":"default-arg","locations":[{"start":{"line":26,"column":18},"end":{"line":26,"column":20}}]},"5":{"loc":{"start":{"line":32,"column":2},"end":{"line":37,"column":3}},"type":"if","locations":[{"start":{"line":32,"column":2},"end":{"line":37,"column":3}},{"start":{"line":35,"column":9},"end":{"line":37,"column":3}}]},"6":{"loc":{"start":{"line":33,"column":20},"end":{"line":33,"column":69}},"type":"binary-expr","locations":[{"start":{"line":33,"column":20},"end":{"line":33,"column":53}},{"start":{"line":33,"column":53},"end":{"line":33,"column":69}}]},"7":{"loc":{"start":{"line":33,"column":20},"end":{"line":33,"column":34}},"type":"cond-expr","locations":[{"start":{"line":33,"column":25},"end":{"line":33,"column":27}},{"start":{"line":33,"column":20},"end":{"line":33,"column":34}}]},"8":{"loc":{"start":{"line":33,"column":20},"end":{"line":33,"column":27}},"type":"binary-expr","locations":[{"start":{"line":33,"column":20},"end":{"line":33,"column":27}},{"start":{"line":33,"column":20},"end":{"line":33,"column":27}}]},"9":{"loc":{"start":{"line":33,"column":37},"end":{"line":33,"column":49}},"type":"cond-expr","locations":[{"start":{"line":33,"column":42},"end":{"line":33,"column":44}},{"start":{"line":33,"column":37},"end":{"line":33,"column":49}}]},"10":{"loc":{"start":{"line":33,"column":37},"end":{"line":33,"column":44}},"type":"binary-expr","locations":[{"start":{"line":33,"column":37},"end":{"line":33,"column":44}},{"start":{"line":33,"column":37},"end":{"line":33,"column":44}}]}},"s":{"0":2,"1":2,"2":2,"3":2,"4":2,"5":2,"6":2,"7":2,"8":0,"9":0,"10":2,"11":2,"12":2,"13":2},"f":{"0":2},"b":{"0":[0],"1":[0],"2":[0],"3":[2],"4":[2],"5":[0,2],"6":[0,0],"7":[0,0],"8":[0,0],"9":[0,0],"10":[0,0]}}
,"/Users/manisha-j/personal-pro/senior-set/tsc-express-crud-mongo/src/common/utils/mongo-db.ts": {"path":"/Users/manisha-j/personal-pro/senior-set/tsc-express-crud-mongo/src/common/utils/mongo-db.ts","statementMap":{"0":{"start":{"line":1,"column":0},"end":{"line":1,"column":32}},"1":{"start":{"line":2,"column":0},"end":{"line":2,"column":56}},"2":{"start":{"line":3,"column":0},"end":{"line":3,"column":43}},"3":{"start":{"line":4,"column":0},"end":{"line":4,"column":50}},"4":{"start":{"line":5,"column":0},"end":{"line":5,"column":30}},"5":{"start":{"line":7,"column":30},"end":{"line":30,"column":2}},"6":{"start":{"line":7,"column":41},"end":{"line":30,"column":2}},"7":{"start":{"line":8,"column":2},"end":{"line":29,"column":3}},"8":{"start":{"line":9,"column":22},"end":{"line":9,"column":36}},"9":{"start":{"line":10,"column":23},"end":{"line":25,"column":8}},"10":{"start":{"line":13,"column":8},"end":{"line":17,"column":11}},"11":{"start":{"line":20,"column":8},"end":{"line":24,"column":11}},"12":{"start":{"line":26,"column":4},"end":{"line":26,"column":22}},"13":{"start":{"line":28,"column":4},"end":{"line":28,"column":27}},"14":{"start":{"line":7,"column":13},"end":{"line":7,"column":30}}},"fnMap":{"0":{"name":"(anonymous_8)","decl":{"start":{"line":7,"column":30},"end":{"line":7,"column":39}},"loc":{"start":{"line":7,"column":41},"end":{"line":30,"column":2}}},"1":{"name":"(anonymous_9)","decl":{"start":{"line":7,"column":41},"end":{"line":7,"column":null}},"loc":{"start":{"line":7,"column":41},"end":{"line":30,"column":1}}},"2":{"name":"(anonymous_10)","decl":{"start":{"line":12,"column":12},"end":{"line":12,"column":15}},"loc":{"start":{"line":12,"column":17},"end":{"line":18,"column":7}}},"3":{"name":"(anonymous_11)","decl":{"start":{"line":19,"column":13},"end":{"line":19,"column":14}},"loc":{"start":{"line":19,"column":23},"end":{"line":25,"column":7}}}},"branchMap":{},"s":{"0":1,"1":1,"2":1,"3":1,"4":1,"5":1,"6":1,"7":1,"8":1,"9":1,"10":0,"11":0,"12":0,"13":1,"14":1},"f":{"0":1,"1":1,"2":0,"3":0},"b":{}}
,"/Users/manisha-j/personal-pro/senior-set/tsc-express-crud-mongo/src/common/utils/shortUUID.ts": {"path":"/Users/manisha-j/personal-pro/senior-set/tsc-express-crud-mongo/src/common/utils/shortUUID.ts","statementMap":{"0":{"start":{"line":1,"column":0},"end":{"line":1,"column":35}},"1":{"start":{"line":3,"column":28},"end":{"line":6,"column":1}},"2":{"start":{"line":4,"column":20},"end":{"line":4,"column":31}},"3":{"start":{"line":5,"column":2},"end":{"line":5,"column":25}},"4":{"start":{"line":3,"column":13},"end":{"line":3,"column":28}}},"fnMap":{"0":{"name":"(anonymous_1)","decl":{"start":{"line":3,"column":28},"end":{"line":3,"column":31}},"loc":{"start":{"line":3,"column":33},"end":{"line":6,"column":1}}}},"branchMap":{},"s":{"0":2,"1":2,"2":7,"3":7,"4":2},"f":{"0":7},"b":{}}
,"/Users/manisha-j/personal-pro/senior-set/tsc-express-crud-mongo/src/habit-manager/controllers/habit.controller.ts": {"path":"/Users/manisha-j/personal-pro/senior-set/tsc-express-crud-mongo/src/habit-manager/controllers/habit.controller.ts","statementMap":{"0":{"start":{"line":2,"column":0},"end":{"line":2,"column":56}},"1":{"start":{"line":3,"column":0},"end":{"line":3,"column":63}},"2":{"start":{"line":4,"column":0},"end":{"line":4,"column":null}},"3":{"start":{"line":10,"column":0},"end":{"line":10,"column":47}},"4":{"start":{"line":11,"column":0},"end":{"line":11,"column":60}},"5":{"start":{"line":12,"column":0},"end":{"line":12,"column":60}},"6":{"start":{"line":14,"column":38},"end":{"line":39,"column":2}},"7":{"start":{"line":14,"column":76},"end":{"line":39,"column":2}},"8":{"start":{"line":15,"column":2},"end":{"line":38,"column":3}},"9":{"start":{"line":16,"column":22},"end":{"line":16,"column":36}},"10":{"start":{"line":17,"column":4},"end":{"line":21,"column":7}},"11":{"start":{"line":22,"column":4},"end":{"line":26,"column":7}},"12":{"start":{"line":27,"column":4},"end":{"line":31,"column":7}},"13":{"start":{"line":33,"column":4},"end":{"line":37,"column":7}},"14":{"start":{"line":14,"column":13},"end":{"line":14,"column":38}},"15":{"start":{"line":41,"column":24},"end":{"line":52,"column":2}},"16":{"start":{"line":41,"column":62},"end":{"line":52,"column":2}},"17":{"start":{"line":42,"column":2},"end":{"line":51,"column":3}},"18":{"start":{"line":43,"column":21},"end":{"line":43,"column":48}},"19":{"start":{"line":44,"column":4},"end":{"line":44,"column":30}},"20":{"start":{"line":46,"column":4},"end":{"line":50,"column":7}},"21":{"start":{"line":41,"column":13},"end":{"line":41,"column":24}},"22":{"start":{"line":54,"column":27},"end":{"line":65,"column":2}},"23":{"start":{"line":54,"column":65},"end":{"line":65,"column":2}},"24":{"start":{"line":55,"column":2},"end":{"line":64,"column":3}},"25":{"start":{"line":56,"column":21},"end":{"line":56,"column":72}},"26":{"start":{"line":57,"column":4},"end":{"line":57,"column":23}},"27":{"start":{"line":59,"column":4},"end":{"line":63,"column":7}},"28":{"start":{"line":54,"column":13},"end":{"line":54,"column":27}},"29":{"start":{"line":67,"column":26},"end":{"line":78,"column":2}},"30":{"start":{"line":67,"column":64},"end":{"line":78,"column":2}},"31":{"start":{"line":68,"column":2},"end":{"line":77,"column":3}},"32":{"start":{"line":69,"column":21},"end":{"line":69,"column":47}},"33":{"start":{"line":70,"column":4},"end":{"line":70,"column":23}},"34":{"start":{"line":72,"column":4},"end":{"line":76,"column":7}},"35":{"start":{"line":67,"column":13},"end":{"line":67,"column":26}},"36":{"start":{"line":80,"column":27},"end":{"line":91,"column":2}},"37":{"start":{"line":80,"column":65},"end":{"line":91,"column":2}},"38":{"start":{"line":81,"column":2},"end":{"line":90,"column":3}},"39":{"start":{"line":82,"column":21},"end":{"line":82,"column":65}},"40":{"start":{"line":83,"column":4},"end":{"line":83,"column":23}},"41":{"start":{"line":85,"column":4},"end":{"line":89,"column":7}},"42":{"start":{"line":80,"column":13},"end":{"line":80,"column":27}}},"fnMap":{"0":{"name":"(anonymous_8)","decl":{"start":{"line":14,"column":38},"end":{"line":14,"column":45}},"loc":{"start":{"line":14,"column":76},"end":{"line":39,"column":2}}},"1":{"name":"(anonymous_9)","decl":{"start":{"line":14,"column":76},"end":{"line":14,"column":null}},"loc":{"start":{"line":14,"column":76},"end":{"line":39,"column":1}}},"2":{"name":"(anonymous_10)","decl":{"start":{"line":41,"column":24},"end":{"line":41,"column":31}},"loc":{"start":{"line":41,"column":62},"end":{"line":52,"column":2}}},"3":{"name":"(anonymous_11)","decl":{"start":{"line":41,"column":62},"end":{"line":41,"column":null}},"loc":{"start":{"line":41,"column":62},"end":{"line":52,"column":1}}},"4":{"name":"(anonymous_12)","decl":{"start":{"line":54,"column":27},"end":{"line":54,"column":34}},"loc":{"start":{"line":54,"column":65},"end":{"line":65,"column":2}}},"5":{"name":"(anonymous_13)","decl":{"start":{"line":54,"column":65},"end":{"line":54,"column":null}},"loc":{"start":{"line":54,"column":65},"end":{"line":65,"column":1}}},"6":{"name":"(anonymous_14)","decl":{"start":{"line":67,"column":26},"end":{"line":67,"column":33}},"loc":{"start":{"line":67,"column":64},"end":{"line":78,"column":2}}},"7":{"name":"(anonymous_15)","decl":{"start":{"line":67,"column":64},"end":{"line":67,"column":null}},"loc":{"start":{"line":67,"column":64},"end":{"line":78,"column":1}}},"8":{"name":"(anonymous_16)","decl":{"start":{"line":80,"column":27},"end":{"line":80,"column":34}},"loc":{"start":{"line":80,"column":65},"end":{"line":91,"column":2}}},"9":{"name":"(anonymous_17)","decl":{"start":{"line":80,"column":65},"end":{"line":80,"column":null}},"loc":{"start":{"line":80,"column":65},"end":{"line":91,"column":1}}}},"branchMap":{"0":{"loc":{"start":{"line":56,"column":57},"end":{"line":56,"column":71}},"type":"cond-expr","locations":[{"start":{"line":56,"column":67},"end":{"line":56,"column":69}},{"start":{"line":56,"column":67},"end":{"line":56,"column":71}}]},"1":{"loc":{"start":{"line":56,"column":57},"end":{"line":56,"column":69}},"type":"binary-expr","locations":[{"start":{"line":56,"column":57},"end":{"line":56,"column":69}},{"start":{"line":56,"column":67},"end":{"line":56,"column":69}}]}},"s":{"0":1,"1":1,"2":1,"3":1,"4":1,"5":1,"6":1,"7":1,"8":1,"9":1,"10":1,"11":1,"12":1,"13":0,"14":1,"15":1,"16":2,"17":2,"18":2,"19":1,"20":1,"21":1,"22":1,"23":2,"24":2,"25":2,"26":1,"27":1,"28":1,"29":1,"30":2,"31":2,"32":2,"33":1,"34":1,"35":1,"36":1,"37":2,"38":2,"39":2,"40":1,"41":1,"42":1},"f":{"0":1,"1":1,"2":2,"3":2,"4":2,"5":2,"6":2,"7":2,"8":2,"9":2},"b":{"0":[2,0],"1":[2,2]}}
,"/Users/manisha-j/personal-pro/senior-set/tsc-express-crud-mongo/src/habit-manager/models/habit.model.ts": {"path":"/Users/manisha-j/personal-pro/senior-set/tsc-express-crud-mongo/src/habit-manager/models/habit.model.ts","statementMap":{"0":{"start":{"line":1,"column":0},"end":{"line":1,"column":32}},"1":{"start":{"line":3,"column":15},"end":{"line":20,"column":null}},"2":{"start":{"line":23,"column":13},"end":{"line":23,"column":59}}},"fnMap":{},"branchMap":{},"s":{"0":1,"1":1,"2":1},"f":{},"b":{}}
,"/Users/manisha-j/personal-pro/senior-set/tsc-express-crud-mongo/src/habit-manager/routes/habit.routes.ts": {"path":"/Users/manisha-j/personal-pro/senior-set/tsc-express-crud-mongo/src/habit-manager/routes/habit.routes.ts","statementMap":{"0":{"start":{"line":1,"column":0},"end":{"line":1,"column":52}},"1":{"start":{"line":2,"column":0},"end":{"line":2,"column":null}},"2":{"start":{"line":10,"column":15},"end":{"line":10,"column":23}},"3":{"start":{"line":335,"column":9},"end":{"line":335,"column":15}},"4":{"start":{"line":76,"column":0},"end":{"line":76,"column":33}},"5":{"start":{"line":164,"column":0},"end":{"line":164,"column":32}},"6":{"start":{"line":259,"column":0},"end":{"line":259,"column":40}},"7":{"start":{"line":333,"column":0},"end":{"line":333,"column":41}}},"fnMap":{},"branchMap":{},"s":{"0":1,"1":1,"2":1,"3":1,"4":1,"5":1,"6":1,"7":1},"f":{},"b":{}}
,"/Users/manisha-j/personal-pro/senior-set/tsc-express-crud-mongo/src/habit-manager/services/habit.services.ts": {"path":"/Users/manisha-j/personal-pro/senior-set/tsc-express-crud-mongo/src/habit-manager/services/habit.services.ts","statementMap":{"0":{"start":{"line":1,"column":0},"end":{"line":1,"column":60}},"1":{"start":{"line":2,"column":0},"end":{"line":2,"column":56}},"2":{"start":{"line":3,"column":0},"end":{"line":3,"column":63}},"3":{"start":{"line":4,"column":0},"end":{"line":4,"column":47}},"4":{"start":{"line":5,"column":0},"end":{"line":5,"column":60}},"5":{"start":{"line":6,"column":0},"end":{"line":6,"column":51}},"6":{"start":{"line":8,"column":27},"end":{"line":31,"column":2}},"7":{"start":{"line":8,"column":47},"end":{"line":31,"column":2}},"8":{"start":{"line":9,"column":20},"end":{"line":9,"column":34}},"9":{"start":{"line":10,"column":2},"end":{"line":30,"column":3}},"10":{"start":{"line":11,"column":4},"end":{"line":15,"column":7}},"11":{"start":{"line":16,"column":29},"end":{"line":16,"column":49}},"12":{"start":{"line":17,"column":19},"end":{"line":17,"column":48}},"13":{"start":{"line":18,"column":4},"end":{"line":22,"column":6}},"14":{"start":{"line":24,"column":4},"end":{"line":28,"column":7}},"15":{"start":{"line":29,"column":4},"end":{"line":29,"column":35}},"16":{"start":{"line":8,"column":13},"end":{"line":8,"column":27}},"17":{"start":{"line":33,"column":35},"end":{"line":55,"column":2}},"18":{"start":{"line":33,"column":55},"end":{"line":55,"column":2}},"19":{"start":{"line":34,"column":20},"end":{"line":34,"column":34}},"20":{"start":{"line":35,"column":2},"end":{"line":54,"column":3}},"21":{"start":{"line":36,"column":4},"end":{"line":40,"column":7}},"22":{"start":{"line":41,"column":30},"end":{"line":41,"column":74}},"23":{"start":{"line":42,"column":4},"end":{"line":46,"column":6}},"24":{"start":{"line":48,"column":4},"end":{"line":52,"column":7}},"25":{"start":{"line":53,"column":4},"end":{"line":53,"column":35}},"26":{"start":{"line":33,"column":13},"end":{"line":33,"column":35}},"27":{"start":{"line":57,"column":35},"end":{"line":75,"column":2}},"28":{"start":{"line":57,"column":68},"end":{"line":75,"column":2}},"29":{"start":{"line":58,"column":20},"end":{"line":58,"column":34}},"30":{"start":{"line":59,"column":2},"end":{"line":74,"column":3}},"31":{"start":{"line":60,"column":4},"end":{"line":60,"column":27}},"32":{"start":{"line":61,"column":27},"end":{"line":61,"column":72}},"33":{"start":{"line":62,"column":4},"end":{"line":66,"column":6}},"34":{"start":{"line":68,"column":4},"end":{"line":72,"column":7}},"35":{"start":{"line":73,"column":4},"end":{"line":73,"column":35}},"36":{"start":{"line":57,"column":13},"end":{"line":57,"column":35}},"37":{"start":{"line":77,"column":34},"end":{"line":94,"column":2}},"38":{"start":{"line":77,"column":45},"end":{"line":94,"column":2}},"39":{"start":{"line":78,"column":20},"end":{"line":78,"column":34}},"40":{"start":{"line":79,"column":2},"end":{"line":93,"column":3}},"41":{"start":{"line":80,"column":19},"end":{"line":80,"column":44}},"42":{"start":{"line":81,"column":4},"end":{"line":85,"column":6}},"43":{"start":{"line":87,"column":4},"end":{"line":91,"column":7}},"44":{"start":{"line":92,"column":4},"end":{"line":92,"column":35}},"45":{"start":{"line":77,"column":13},"end":{"line":77,"column":34}}},"fnMap":{"0":{"name":"(anonymous_8)","decl":{"start":{"line":8,"column":27},"end":{"line":8,"column":34}},"loc":{"start":{"line":8,"column":47},"end":{"line":31,"column":2}}},"1":{"name":"(anonymous_9)","decl":{"start":{"line":8,"column":47},"end":{"line":8,"column":null}},"loc":{"start":{"line":8,"column":47},"end":{"line":31,"column":1}}},"2":{"name":"(anonymous_10)","decl":{"start":{"line":33,"column":35},"end":{"line":33,"column":42}},"loc":{"start":{"line":33,"column":55},"end":{"line":55,"column":2}}},"3":{"name":"(anonymous_11)","decl":{"start":{"line":33,"column":55},"end":{"line":33,"column":null}},"loc":{"start":{"line":33,"column":55},"end":{"line":55,"column":1}}},"4":{"name":"(anonymous_12)","decl":{"start":{"line":57,"column":35},"end":{"line":57,"column":42}},"loc":{"start":{"line":57,"column":68},"end":{"line":75,"column":2}}},"5":{"name":"(anonymous_13)","decl":{"start":{"line":57,"column":68},"end":{"line":57,"column":null}},"loc":{"start":{"line":57,"column":68},"end":{"line":75,"column":1}}},"6":{"name":"(anonymous_14)","decl":{"start":{"line":77,"column":34},"end":{"line":77,"column":43}},"loc":{"start":{"line":77,"column":45},"end":{"line":94,"column":2}}},"7":{"name":"(anonymous_15)","decl":{"start":{"line":77,"column":45},"end":{"line":77,"column":null}},"loc":{"start":{"line":77,"column":45},"end":{"line":94,"column":1}}}},"branchMap":{},"s":{"0":2,"1":2,"2":2,"3":2,"4":2,"5":2,"6":2,"7":0,"8":0,"9":0,"10":0,"11":0,"12":0,"13":0,"14":0,"15":0,"16":2,"17":2,"18":2,"19":2,"20":2,"21":2,"22":2,"23":1,"24":1,"25":1,"26":2,"27":2,"28":2,"29":2,"30":2,"31":2,"32":2,"33":1,"34":1,"35":1,"36":2,"37":2,"38":2,"39":2,"40":2,"41":2,"42":1,"43":1,"44":1,"45":2},"f":{"0":0,"1":0,"2":2,"3":2,"4":2,"5":2,"6":2,"7":2},"b":{}}
}
