TN:
SF:src/index.ts
FN:12,(anonymous_8)
FN:23,(anonymous_9)
FN:23,(anonymous_10)
FNF:3
FNH:1
FNDA:2,(anonymous_8)
FNDA:0,(anonymous_9)
FNDA:0,(anonymous_10)
DA:1,1
DA:2,1
DA:3,1
DA:4,1
DA:5,1
DA:6,1
DA:7,1
DA:8,1
DA:10,1
DA:12,1
DA:13,2
DA:14,2
DA:16,2
DA:17,2
DA:23,2
DA:24,0
DA:25,0
DA:29,1
LF:18
LH:16
BRF:0
BRH:0
end_of_record
TN:
SF:src/common/config/constants.ts
FNF:0
FNH:0
DA:1,3
DA:6,3
LF:2
LH:2
BRF:0
BRH:0
end_of_record
TN:
SF:src/common/config/messages.ts
FNF:0
FNH:0
DA:1,4
LF:1
LH:1
BRF:0
BRH:0
end_of_record
TN:
SF:src/common/config/status-codes.ts
FNF:0
FNH:0
DA:1,3
LF:1
LH:1
BRF:0
BRH:0
end_of_record
TN:
SF:src/common/utils/logger.ts
FN:20,(anonymous_6)
FNF:1
FNH:1
FNDA:2,(anonymous_6)
DA:1,2
DA:3,2
DA:20,2
DA:27,2
DA:29,2
DA:30,2
DA:31,2
DA:32,2
DA:33,0
DA:34,0
DA:36,2
DA:38,2
DA:42,2
DA:52,2
LF:14
LH:12
BRDA:22,0,0,0
BRDA:23,1,0,0
BRDA:24,2,0,0
BRDA:25,3,0,2
BRDA:26,4,0,2
BRDA:32,5,0,0
BRDA:32,5,1,2
BRDA:33,6,0,0
BRDA:33,6,1,0
BRDA:33,7,0,0
BRDA:33,7,1,0
BRDA:33,8,0,0
BRDA:33,8,1,0
BRDA:33,9,0,0
BRDA:33,9,1,0
BRDA:33,10,0,0
BRDA:33,10,1,0
BRF:17
BRH:3
end_of_record
TN:
SF:src/common/utils/mongo-db.ts
FN:7,(anonymous_8)
FN:7,(anonymous_9)
FN:12,(anonymous_10)
FN:19,(anonymous_11)
FNF:4
FNH:2
FNDA:1,(anonymous_8)
FNDA:1,(anonymous_9)
FNDA:0,(anonymous_10)
FNDA:0,(anonymous_11)
DA:1,1
DA:2,1
DA:3,1
DA:4,1
DA:5,1
DA:7,1
DA:8,1
DA:9,1
DA:10,1
DA:13,0
DA:20,0
DA:26,0
DA:28,1
LF:13
LH:10
BRF:0
BRH:0
end_of_record
TN:
SF:src/common/utils/shortUUID.ts
FN:3,(anonymous_1)
FNF:1
FNH:1
FNDA:7,(anonymous_1)
DA:1,2
DA:3,2
DA:4,7
DA:5,7
LF:4
LH:4
BRF:0
BRH:0
end_of_record
TN:
SF:src/habit-manager/controllers/habit.controller.ts
FN:14,(anonymous_8)
FN:14,(anonymous_9)
FN:41,(anonymous_10)
FN:41,(anonymous_11)
FN:54,(anonymous_12)
FN:54,(anonymous_13)
FN:67,(anonymous_14)
FN:67,(anonymous_15)
FN:80,(anonymous_16)
FN:80,(anonymous_17)
FNF:10
FNH:10
FNDA:1,(anonymous_8)
FNDA:1,(anonymous_9)
FNDA:2,(anonymous_10)
FNDA:2,(anonymous_11)
FNDA:2,(anonymous_12)
FNDA:2,(anonymous_13)
FNDA:2,(anonymous_14)
FNDA:2,(anonymous_15)
FNDA:2,(anonymous_16)
FNDA:2,(anonymous_17)
DA:2,1
DA:3,1
DA:4,1
DA:10,1
DA:11,1
DA:12,1
DA:14,1
DA:15,1
DA:16,1
DA:17,1
DA:22,1
DA:27,1
DA:33,0
DA:41,2
DA:42,2
DA:43,2
DA:44,1
DA:46,1
DA:54,2
DA:55,2
DA:56,2
DA:57,1
DA:59,1
DA:67,2
DA:68,2
DA:69,2
DA:70,1
DA:72,1
DA:80,2
DA:81,2
DA:82,2
DA:83,1
DA:85,1
LF:33
LH:32
BRDA:56,0,0,2
BRDA:56,0,1,0
BRDA:56,1,0,2
BRDA:56,1,1,2
BRF:4
BRH:3
end_of_record
TN:
SF:src/habit-manager/models/habit.model.ts
FNF:0
FNH:0
DA:1,1
DA:3,1
DA:23,1
LF:3
LH:3
BRF:0
BRH:0
end_of_record
TN:
SF:src/habit-manager/routes/habit.routes.ts
FNF:0
FNH:0
DA:1,1
DA:2,1
DA:10,1
DA:76,1
DA:164,1
DA:259,1
DA:333,1
DA:335,1
LF:8
LH:8
BRF:0
BRH:0
end_of_record
TN:
SF:src/habit-manager/services/habit.services.ts
FN:8,(anonymous_8)
FN:8,(anonymous_9)
FN:33,(anonymous_10)
FN:33,(anonymous_11)
FN:57,(anonymous_12)
FN:57,(anonymous_13)
FN:77,(anonymous_14)
FN:77,(anonymous_15)
FNF:8
FNH:6
FNDA:0,(anonymous_8)
FNDA:0,(anonymous_9)
FNDA:2,(anonymous_10)
FNDA:2,(anonymous_11)
FNDA:2,(anonymous_12)
FNDA:2,(anonymous_13)
FNDA:2,(anonymous_14)
FNDA:2,(anonymous_15)
DA:1,2
DA:2,2
DA:3,2
DA:4,2
DA:5,2
DA:6,2
DA:8,2
DA:9,0
DA:10,0
DA:11,0
DA:16,0
DA:17,0
DA:18,0
DA:24,0
DA:29,0
DA:33,2
DA:34,2
DA:35,2
DA:36,2
DA:41,2
DA:42,1
DA:48,1
DA:53,1
DA:57,2
DA:58,2
DA:59,2
DA:60,2
DA:61,2
DA:62,1
DA:68,1
DA:73,1
DA:77,2
DA:78,2
DA:79,2
DA:80,2
DA:81,1
DA:87,1
DA:92,1
LF:38
LH:30
BRF:0
BRH:0
end_of_record
